Info: Starting: Create block symbol file (.bsf)
Info: ip-generate --project-directory="C:/Users/colin/Documents/Working Processor/" --output-directory="C:/Users/colin/Documents/Working Processor/nios_system/" --report-file="bsf:C:/Users/colin/Documents/Working Processor/nios_system.bsf" --system-info=DEVICE_FAMILY="Cyclone II" --system-info=DEVICE=EP2C35F672C6 --system-info=DEVICE_SPEEDGRADE=6 --component-file="C:/Users/colin/Documents/Working Processor/nios_system.qsys"
Progress: Loading Working Processor/nios_system.qsys
Progress: Reading input file
Progress: Adding clk_0 [clock_source 12.0]
Progress: Parameterizing module clk_0
Progress: Adding nios2_processor [altera_nios2_qsys 12.0]
Progress: Parameterizing module nios2_processor
Progress: Adding onchip_memory2_0 [altera_avalon_onchip_memory2 12.0]
Progress: Parameterizing module onchip_memory2_0
Progress: Adding switches [altera_avalon_pio 12.0]
Progress: Parameterizing module switches
Progress: Adding LEDs [altera_avalon_pio 12.0]
Progress: Parameterizing module LEDs
Progress: Adding jtag_uart_0 [altera_avalon_jtag_uart 12.0]
Progress: Parameterizing module jtag_uart_0
Progress: Adding sdram [altera_avalon_new_sdram_controller 12.0]
Progress: Parameterizing module sdram
Progress: Adding clocks [altera_up_clocks 12.0]
Progress: Parameterizing module clocks
Progress: Adding character_lcd_0 [altera_up_avalon_character_lcd 12.0]
Progress: Parameterizing module character_lcd_0
Progress: Building connections
Progress: Parameterizing connections
Progress: Validating
Progress: Done reading input file
Info: nios_system.onchip_memory2_0: Memory will be initialized from onchip_memory2_0.hex
Info: nios_system.switches: PIO inputs are not hardwired in test bench. Undefined values will be read from PIO inputs during simulation.
Info: ip-generate succeeded.
Info: Finished: Create block symbol file (.bsf)
Info: 
Info: Starting: Create HDL design files for synthesis
Info: ip-generate --project-directory="C:/Users/colin/Documents/Working Processor/" --output-directory="C:/Users/colin/Documents/Working Processor/nios_system/synthesis/" --file-set=QUARTUS_SYNTH --report-file="sopcinfo:C:/Users/colin/Documents/Working Processor/nios_system.sopcinfo" --report-file="html:C:/Users/colin/Documents/Working Processor/nios_system.html" --report-file="qip:C:/Users/colin/Documents/Working Processor/nios_system/synthesis/nios_system.qip" --system-info=DEVICE_FAMILY="Cyclone II" --system-info=DEVICE=EP2C35F672C6 --system-info=DEVICE_SPEEDGRADE=6 --component-file="C:/Users/colin/Documents/Working Processor/nios_system.qsys"
Progress: Loading Working Processor/nios_system.qsys
Progress: Reading input file
Progress: Adding clk_0 [clock_source 12.0]
Progress: Parameterizing module clk_0
Progress: Adding nios2_processor [altera_nios2_qsys 12.0]
Progress: Parameterizing module nios2_processor
Progress: Adding onchip_memory2_0 [altera_avalon_onchip_memory2 12.0]
Progress: Parameterizing module onchip_memory2_0
Progress: Adding switches [altera_avalon_pio 12.0]
Progress: Parameterizing module switches
Progress: Adding LEDs [altera_avalon_pio 12.0]
Progress: Parameterizing module LEDs
Progress: Adding jtag_uart_0 [altera_avalon_jtag_uart 12.0]
Progress: Parameterizing module jtag_uart_0
Progress: Adding sdram [altera_avalon_new_sdram_controller 12.0]
Progress: Parameterizing module sdram
Progress: Adding clocks [altera_up_clocks 12.0]
Progress: Parameterizing module clocks
Progress: Adding character_lcd_0 [altera_up_avalon_character_lcd 12.0]
Progress: Parameterizing module character_lcd_0
Progress: Building connections
Progress: Parameterizing connections
Progress: Validating
Progress: Done reading input file
Info: nios_system.onchip_memory2_0: Memory will be initialized from onchip_memory2_0.hex
Info: nios_system.switches: PIO inputs are not hardwired in test bench. Undefined values will be read from PIO inputs during simulation.
Info: nios_system: Generating nios_system "nios_system" for QUARTUS_SYNTH
Info: pipeline_bridge_swap_transform: After transform: 9 modules, 35 connections
Info: No custom instruction connections, skipping transform 
Info: merlin_translator_transform: After transform: 18 modules, 71 connections
Info: merlin_domain_transform: After transform: 35 modules, 184 connections
Info: merlin_router_transform: After transform: 44 modules, 220 connections
Info: merlin_traffic_limiter_transform: After transform: 45 modules, 225 connections
Info: merlin_burst_transform: After transform: 47 modules, 233 connections
Info: reset_adaptation_transform: After transform: 49 modules, 185 connections
Info: merlin_network_to_switch_transform: After transform: 66 modules, 223 connections
Info: merlin_width_transform: After transform: 70 modules, 235 connections
Info: limiter_update_transform: After transform: 70 modules, 236 connections
Info: merlin_interrupt_mapper_transform: After transform: 71 modules, 239 connections
Info: nios2_processor: Starting RTL generation for module 'nios_system_nios2_processor'
Info: nios2_processor:   Generation command is [exec C:/altera/12.0sp2/quartus/../ip/altera/nios2_ip/altera_nios2/eperl.exe -I C:/altera/12.0sp2/quartus/common/ip/altera/common/perl/5.8.3 -I C:/altera/12.0sp2/quartus/sopc_builder/bin/europa -I C:/altera/12.0sp2/quartus/sopc_builder/bin/perl_lib -I C:/altera/12.0sp2/quartus/sopc_builder/bin -I C:/altera/12.0sp2/quartus/../ip/altera/nios2_ip/altera_nios2/cpu_lib -I C:/altera/12.0sp2/quartus/../ip/altera/nios2_ip/altera_nios2/nios_lib -I C:/altera/12.0sp2/quartus/../ip/altera/nios2_ip/altera_nios2 -I C:/altera/12.0sp2/quartus/../ip/altera/nios2_ip/altera_nios2 -- C:/altera/12.0sp2/quartus/../ip/altera/nios2_ip/altera_nios2/generate_rtl.epl --name=nios_system_nios2_processor --dir=C:/Users/colin/AppData/Local/Temp/alt6088_8558727121849408106.dir/0001_nios2_processor_gen/ --quartus_dir=C:/altera/12.0sp2/quartus --verilog --config=C:/Users/colin/AppData/Local/Temp/alt6088_8558727121849408106.dir/0001_nios2_processor_gen//nios_system_nios2_processor_processor_configuration.pl  --do_build_sim=0    --bogus  ]
Info: nios2_processor: # 2014.01.18 13:41:27 (*) Starting Nios II generation
Info: nios2_processor: # 2014.01.18 13:41:27 (*)   Checking for encrypted license (non-evaluation).
Info: nios2_processor: # 2014.01.18 13:41:28 (*)   Couldn't query license setup in Quartus directory C:/altera/12.0sp2/quartus
Info: nios2_processor: # 2014.01.18 13:41:28 (*)   Defaulting to contents of LM_LICENSE_FILE environment variable
Info: nios2_processor: # 2014.01.18 13:41:28 (*)   LM_LICENSE_FILE environment variable is empty
Info: nios2_processor: # 2014.01.18 13:41:28 (*)   Encrypted license not found.  Defaulting to OCP evaluation license (produces a time-limited SOF)
Info: nios2_processor: # 2014.01.18 13:41:28 (*)   Elaborating CPU configuration settings
Info: nios2_processor: # 2014.01.18 13:41:28 (*)   Creating all objects for CPU
Info: nios2_processor: # 2014.01.18 13:41:30 (*)     Pipeline frontend
Info: nios2_processor: # 2014.01.18 13:41:32 (*)   Generating RTL from CPU objects
Info: nios2_processor: # 2014.01.18 13:41:34 (*)   Creating encrypted RTL
Info: nios2_processor: # 2014.01.18 13:41:36 (*) Done Nios II generation
Info: nios2_processor: Done RTL generation for module 'nios_system_nios2_processor'
Info: nios2_processor: "nios_system" instantiated altera_nios2_qsys "nios2_processor"
Info: Starting classic module elaboration.
"c:/altera/12.0sp2/quartus/bin/jre/bin/java.exe" -Xmx512M -classpath "c:/altera/12.0sp2/quartus/sopc_builder/bin/sopc_builder.jar;c:/altera/12.0sp2/quartus/sopc_builder/bin/PinAssigner.jar;c:/altera/12.0sp2/quartus/sopc_builder/bin/sopc_wizard.jar;c:/altera/12.0sp2/quartus/sopc_builder/bin/jptf.jar" sopc_builder.sopc_builder  -d"c:/altera/12.0sp2/quartus/sopc_builder" -notalkback=1 -projectnameyysystem.qpf -projectpathC:/Users/colin/AppData/Local/Temp/alt6088_8558727121849408106.dir/0002_sopclgen  --no_splash --refresh C:/Users/colin/AppData/Local/Temp/alt6088_8558727121849408106.dir/0002_sopclgen/yysystem.v --quartus_dir="c:/altera/12.0sp2/quartus" --sopc_perl="c:/altera/12.0sp2/quartus/bin/perl" --sopc_lib_path="++c:/altera/12.0sp2/quartus/../ip/altera/sopc_builder_ip+c:/altera/12.0sp2/quartus/../ip/altera/nios2_ip"
Info: Finished elaborating classic module.
Executing: C:/altera/12.0sp2/quartus//sopc_builder/bin/sopc_builder --classic --generate C:/Users/colin/AppData/Local/Temp/alt6088_8558727121849408106.dir/0002_sopclgen/yysystem.ptf
Info: Running sopc_builder...
"c:/altera/12.0sp2/quartus/bin/jre/bin/java.exe" -Xmx512M -classpath "c:/altera/12.0sp2/quartus/sopc_builder/bin/sopc_builder.jar;c:/altera/12.0sp2/quartus/sopc_builder/bin/PinAssigner.jar;c:/altera/12.0sp2/quartus/sopc_builder/bin/sopc_wizard.jar;c:/altera/12.0sp2/quartus/sopc_builder/bin/jptf.jar" sopc_builder.sopc_builder  -d"c:/altera/12.0sp2/quartus/sopc_builder" -notalkback=1 -projectnameyysystem.qpf -projectpathC:/Users/colin/AppData/Local/Temp/alt6088_8558727121849408106.dir/0002_sopclgen  --generate C:/Users/colin/AppData/Local/Temp/alt6088_8558727121849408106.dir/0002_sopclgen/yysystem.v --quartus_dir="c:/altera/12.0sp2/quartus" --sopc_perl="c:/altera/12.0sp2/quartus/bin/perl" --sopc_lib_path="++c:/altera/12.0sp2/quartus/../ip/altera/sopc_builder_ip+c:/altera/12.0sp2/quartus/../ip/altera/nios2_ip"
No .sopc_builder configuration file(!)
.
# 2014.01.18 13:41:48 (*) Success: sopc_builder finished.
Info: onchip_memory2_0: "nios_system" instantiated altera_avalon_onchip_memory2 "onchip_memory2_0"
Info: Starting classic module elaboration.
"c:/altera/12.0sp2/quartus/bin/jre/bin/java.exe" -Xmx512M -classpath "c:/altera/12.0sp2/quartus/sopc_builder/bin/sopc_builder.jar;c:/altera/12.0sp2/quartus/sopc_builder/bin/PinAssigner.jar;c:/altera/12.0sp2/quartus/sopc_builder/bin/sopc_wizard.jar;c:/altera/12.0sp2/quartus/sopc_builder/bin/jptf.jar" sopc_builder.sopc_builder  -d"c:/altera/12.0sp2/quartus/sopc_builder" -notalkback=1 -projectnameyysystem.qpf -projectpathC:/Users/colin/AppData/Local/Temp/alt6088_8558727121849408106.dir/0003_sopclgen  --no_splash --refresh C:/Users/colin/AppData/Local/Temp/alt6088_8558727121849408106.dir/0003_sopclgen/yysystem.v --quartus_dir="c:/altera/12.0sp2/quartus" --sopc_perl="c:/altera/12.0sp2/quartus/bin/perl" --sopc_lib_path="++c:/altera/12.0sp2/quartus/../ip/altera/sopc_builder_ip+c:/altera/12.0sp2/quartus/../ip/altera/nios2_ip"
Info: Finished elaborating classic module.
Executing: C:/altera/12.0sp2/quartus//sopc_builder/bin/sopc_builder --classic --generate C:/Users/colin/AppData/Local/Temp/alt6088_8558727121849408106.dir/0003_sopclgen/yysystem.ptf
Info: Running sopc_builder...
"c:/altera/12.0sp2/quartus/bin/jre/bin/java.exe" -Xmx512M -classpath "c:/altera/12.0sp2/quartus/sopc_builder/bin/sopc_builder.jar;c:/altera/12.0sp2/quartus/sopc_builder/bin/PinAssigner.jar;c:/altera/12.0sp2/quartus/sopc_builder/bin/sopc_wizard.jar;c:/altera/12.0sp2/quartus/sopc_builder/bin/jptf.jar" sopc_builder.sopc_builder  -d"c:/altera/12.0sp2/quartus/sopc_builder" -notalkback=1 -projectnameyysystem.qpf -projectpathC:/Users/colin/AppData/Local/Temp/alt6088_8558727121849408106.dir/0003_sopclgen  --generate C:/Users/colin/AppData/Local/Temp/alt6088_8558727121849408106.dir/0003_sopclgen/yysystem.v --quartus_dir="c:/altera/12.0sp2/quartus" --sopc_perl="c:/altera/12.0sp2/quartus/bin/perl" --sopc_lib_path="++c:/altera/12.0sp2/quartus/../ip/altera/sopc_builder_ip+c:/altera/12.0sp2/quartus/../ip/altera/nios2_ip"
No .sopc_builder configuration file(!)
.
# 2014.01.18 13:41:59 (*) Success: sopc_builder finished.
Info: switches: "nios_system" instantiated altera_avalon_pio "switches"
Info: Starting classic module elaboration.
"c:/altera/12.0sp2/quartus/bin/jre/bin/java.exe" -Xmx512M -classpath "c:/altera/12.0sp2/quartus/sopc_builder/bin/sopc_builder.jar;c:/altera/12.0sp2/quartus/sopc_builder/bin/PinAssigner.jar;c:/altera/12.0sp2/quartus/sopc_builder/bin/sopc_wizard.jar;c:/altera/12.0sp2/quartus/sopc_builder/bin/jptf.jar" sopc_builder.sopc_builder  -d"c:/altera/12.0sp2/quartus/sopc_builder" -notalkback=1 -projectnameyysystem.qpf -projectpathC:/Users/colin/AppData/Local/Temp/alt6088_8558727121849408106.dir/0004_sopclgen  --no_splash --refresh C:/Users/colin/AppData/Local/Temp/alt6088_8558727121849408106.dir/0004_sopclgen/yysystem.v --quartus_dir="c:/altera/12.0sp2/quartus" --sopc_perl="c:/altera/12.0sp2/quartus/bin/perl" --sopc_lib_path="++c:/altera/12.0sp2/quartus/../ip/altera/sopc_builder_ip+c:/altera/12.0sp2/quartus/../ip/altera/nios2_ip"
Info: Finished elaborating classic module.
Executing: C:/altera/12.0sp2/quartus//sopc_builder/bin/sopc_builder --classic --generate C:/Users/colin/AppData/Local/Temp/alt6088_8558727121849408106.dir/0004_sopclgen/yysystem.ptf
Info: Running sopc_builder...
"c:/altera/12.0sp2/quartus/bin/jre/bin/java.exe" -Xmx512M -classpath "c:/altera/12.0sp2/quartus/sopc_builder/bin/sopc_builder.jar;c:/altera/12.0sp2/quartus/sopc_builder/bin/PinAssigner.jar;c:/altera/12.0sp2/quartus/sopc_builder/bin/sopc_wizard.jar;c:/altera/12.0sp2/quartus/sopc_builder/bin/jptf.jar" sopc_builder.sopc_builder  -d"c:/altera/12.0sp2/quartus/sopc_builder" -notalkback=1 -projectnameyysystem.qpf -projectpathC:/Users/colin/AppData/Local/Temp/alt6088_8558727121849408106.dir/0004_sopclgen  --generate C:/Users/colin/AppData/Local/Temp/alt6088_8558727121849408106.dir/0004_sopclgen/yysystem.v --quartus_dir="c:/altera/12.0sp2/quartus" --sopc_perl="c:/altera/12.0sp2/quartus/bin/perl" --sopc_lib_path="++c:/altera/12.0sp2/quartus/../ip/altera/sopc_builder_ip+c:/altera/12.0sp2/quartus/../ip/altera/nios2_ip"
No .sopc_builder configuration file(!)
.
# 2014.01.18 13:42:10 (*) Success: sopc_builder finished.
Info: LEDs: "nios_system" instantiated altera_avalon_pio "LEDs"
Info: Starting classic module elaboration.
"c:/altera/12.0sp2/quartus/bin/jre/bin/java.exe" -Xmx512M -classpath "c:/altera/12.0sp2/quartus/sopc_builder/bin/sopc_builder.jar;c:/altera/12.0sp2/quartus/sopc_builder/bin/PinAssigner.jar;c:/altera/12.0sp2/quartus/sopc_builder/bin/sopc_wizard.jar;c:/altera/12.0sp2/quartus/sopc_builder/bin/jptf.jar" sopc_builder.sopc_builder  -d"c:/altera/12.0sp2/quartus/sopc_builder" -notalkback=1 -projectnameyysystem.qpf -projectpathC:/Users/colin/AppData/Local/Temp/alt6088_8558727121849408106.dir/0005_sopclgen  --no_splash --refresh C:/Users/colin/AppData/Local/Temp/alt6088_8558727121849408106.dir/0005_sopclgen/yysystem.v --quartus_dir="c:/altera/12.0sp2/quartus" --sopc_perl="c:/altera/12.0sp2/quartus/bin/perl" --sopc_lib_path="++c:/altera/12.0sp2/quartus/../ip/altera/sopc_builder_ip+c:/altera/12.0sp2/quartus/../ip/altera/nios2_ip"
Info: Finished elaborating classic module.
Executing: C:/altera/12.0sp2/quartus//sopc_builder/bin/sopc_builder --classic --generate C:/Users/colin/AppData/Local/Temp/alt6088_8558727121849408106.dir/0005_sopclgen/yysystem.ptf
Info: Running sopc_builder...
"c:/altera/12.0sp2/quartus/bin/jre/bin/java.exe" -Xmx512M -classpath "c:/altera/12.0sp2/quartus/sopc_builder/bin/sopc_builder.jar;c:/altera/12.0sp2/quartus/sopc_builder/bin/PinAssigner.jar;c:/altera/12.0sp2/quartus/sopc_builder/bin/sopc_wizard.jar;c:/altera/12.0sp2/quartus/sopc_builder/bin/jptf.jar" sopc_builder.sopc_builder  -d"c:/altera/12.0sp2/quartus/sopc_builder" -notalkback=1 -projectnameyysystem.qpf -projectpathC:/Users/colin/AppData/Local/Temp/alt6088_8558727121849408106.dir/0005_sopclgen  --generate C:/Users/colin/AppData/Local/Temp/alt6088_8558727121849408106.dir/0005_sopclgen/yysystem.v --quartus_dir="c:/altera/12.0sp2/quartus" --sopc_perl="c:/altera/12.0sp2/quartus/bin/perl" --sopc_lib_path="++c:/altera/12.0sp2/quartus/../ip/altera/sopc_builder_ip+c:/altera/12.0sp2/quartus/../ip/altera/nios2_ip"
No .sopc_builder configuration file(!)
.
# 2014.01.18 13:42:22 (*) Success: sopc_builder finished.
Info: jtag_uart_0: "nios_system" instantiated altera_avalon_jtag_uart "jtag_uart_0"
Info: Starting classic module elaboration.
"c:/altera/12.0sp2/quartus/bin/jre/bin/java.exe" -Xmx512M -classpath "c:/altera/12.0sp2/quartus/sopc_builder/bin/sopc_builder.jar;c:/altera/12.0sp2/quartus/sopc_builder/bin/PinAssigner.jar;c:/altera/12.0sp2/quartus/sopc_builder/bin/sopc_wizard.jar;c:/altera/12.0sp2/quartus/sopc_builder/bin/jptf.jar" sopc_builder.sopc_builder  -d"c:/altera/12.0sp2/quartus/sopc_builder" -notalkback=1 -projectnameyysystem.qpf -projectpathC:/Users/colin/AppData/Local/Temp/alt6088_8558727121849408106.dir/0006_sopclgen  --no_splash --refresh C:/Users/colin/AppData/Local/Temp/alt6088_8558727121849408106.dir/0006_sopclgen/yysystem.v --quartus_dir="c:/altera/12.0sp2/quartus" --sopc_perl="c:/altera/12.0sp2/quartus/bin/perl" --sopc_lib_path="++c:/altera/12.0sp2/quartus/../ip/altera/sopc_builder_ip+c:/altera/12.0sp2/quartus/../ip/altera/nios2_ip"
Info: Finished elaborating classic module.
Executing: C:/altera/12.0sp2/quartus//sopc_builder/bin/sopc_builder --classic --generate C:/Users/colin/AppData/Local/Temp/alt6088_8558727121849408106.dir/0006_sopclgen/yysystem.ptf
Info: Running sopc_builder...
"c:/altera/12.0sp2/quartus/bin/jre/bin/java.exe" -Xmx512M -classpath "c:/altera/12.0sp2/quartus/sopc_builder/bin/sopc_builder.jar;c:/altera/12.0sp2/quartus/sopc_builder/bin/PinAssigner.jar;c:/altera/12.0sp2/quartus/sopc_builder/bin/sopc_wizard.jar;c:/altera/12.0sp2/quartus/sopc_builder/bin/jptf.jar" sopc_builder.sopc_builder  -d"c:/altera/12.0sp2/quartus/sopc_builder" -notalkback=1 -projectnameyysystem.qpf -projectpathC:/Users/colin/AppData/Local/Temp/alt6088_8558727121849408106.dir/0006_sopclgen  --generate C:/Users/colin/AppData/Local/Temp/alt6088_8558727121849408106.dir/0006_sopclgen/yysystem.v --quartus_dir="c:/altera/12.0sp2/quartus" --sopc_perl="c:/altera/12.0sp2/quartus/bin/perl" --sopc_lib_path="++c:/altera/12.0sp2/quartus/../ip/altera/sopc_builder_ip+c:/altera/12.0sp2/quartus/../ip/altera/nios2_ip"
No .sopc_builder configuration file(!)
.
.
# 2014.01.18 13:42:33 (*) Running Test Generator Program for nios_system_sdram
# 2014.01.18 13:42:35 (*) Success: sopc_builder finished.
Info: sdram: "nios_system" instantiated altera_avalon_new_sdram_controller "sdram"
Info: clocks: Starting Generation of Required Clocks for DE-Series Boards
Info: clocks: "nios_system" instantiated altera_up_clocks "clocks"
Info: character_lcd_0: Starting Generation of Character LCD
Info: character_lcd_0: "nios_system" instantiated altera_up_avalon_character_lcd "character_lcd_0"
Info: nios2_processor_instruction_master_translator: "nios_system" instantiated altera_merlin_master_translator "nios2_processor_instruction_master_translator"
Info: nios2_processor_jtag_debug_module_translator: "nios_system" instantiated altera_merlin_slave_translator "nios2_processor_jtag_debug_module_translator"
Info: nios2_processor_instruction_master_translator_avalon_universal_master_0_agent: "nios_system" instantiated altera_merlin_master_agent "nios2_processor_instruction_master_translator_avalon_universal_master_0_agent"
Info: nios2_processor_jtag_debug_module_translator_avalon_universal_slave_0_agent: "nios_system" instantiated altera_merlin_slave_agent "nios2_processor_jtag_debug_module_translator_avalon_universal_slave_0_agent"
Info: nios2_processor_jtag_debug_module_translator_avalon_universal_slave_0_agent_rsp_fifo: "nios_system" instantiated altera_avalon_sc_fifo "nios2_processor_jtag_debug_module_translator_avalon_universal_slave_0_agent_rsp_fifo"
Info: addr_router: "nios_system" instantiated altera_merlin_router "addr_router"
Info: addr_router_001: "nios_system" instantiated altera_merlin_router "addr_router_001"
Info: id_router: "nios_system" instantiated altera_merlin_router "id_router"
Info: id_router_002: "nios_system" instantiated altera_merlin_router "id_router_002"
Info: id_router_003: "nios_system" instantiated altera_merlin_router "id_router_003"
Info: id_router_006: "nios_system" instantiated altera_merlin_router "id_router_006"
Info: limiter: "nios_system" instantiated altera_merlin_traffic_limiter "limiter"
Info: burst_adapter: "nios_system" instantiated altera_merlin_burst_adapter "burst_adapter"
Info: rst_controller: "nios_system" instantiated altera_reset_controller "rst_controller"
Info: cmd_xbar_demux: "nios_system" instantiated altera_merlin_demultiplexer "cmd_xbar_demux"
Info: cmd_xbar_demux_001: "nios_system" instantiated altera_merlin_demultiplexer "cmd_xbar_demux_001"
Info: cmd_xbar_mux: "nios_system" instantiated altera_merlin_multiplexer "cmd_xbar_mux"
Info: rsp_xbar_demux: "nios_system" instantiated altera_merlin_demultiplexer "rsp_xbar_demux"
Info: rsp_xbar_demux_003: "nios_system" instantiated altera_merlin_demultiplexer "rsp_xbar_demux_003"
Info: rsp_xbar_mux: "nios_system" instantiated altera_merlin_multiplexer "rsp_xbar_mux"
Info: Reusing file C:/Users/colin/Documents/Working Processor/nios_system/synthesis/submodules/altera_merlin_arbitrator.sv
Info: rsp_xbar_mux_001: "nios_system" instantiated altera_merlin_multiplexer "rsp_xbar_mux_001"
Info: Reusing file C:/Users/colin/Documents/Working Processor/nios_system/synthesis/submodules/altera_merlin_arbitrator.sv
Info: width_adapter: "nios_system" instantiated altera_merlin_width_adapter "width_adapter"
Info: Reusing file C:/Users/colin/Documents/Working Processor/nios_system/synthesis/submodules/altera_merlin_burst_uncompressor.sv
Info: irq_mapper: "nios_system" instantiated altera_irq_mapper "irq_mapper"
Info: nios_system: Done nios_system" with 32 modules, 102 files, 2024058 bytes
Info: ip-generate succeeded.
Info: Finished: Create HDL design files for synthesis
