Info: Starting: Create block symbol file (.bsf)
Info: ip-generate --project-directory="C:/Users/colin/Documents/Working Processor/" --output-directory="C:/Users/colin/Documents/Working Processor/nios_system/" --report-file="bsf:C:/Users/colin/Documents/Working Processor/nios_system.bsf" --system-info=DEVICE_FAMILY="Cyclone II" --system-info=DEVICE=EP2C35F672C6 --system-info=DEVICE_SPEEDGRADE=6 --component-file="C:/Users/colin/Documents/Working Processor/nios_system.qsys"
Progress: Loading Working Processor/nios_system.qsys
Progress: Reading input file
Progress: Adding clk_0 [clock_source 12.0]
Progress: Parameterizing module clk_0
Progress: Adding nios2_processor [altera_nios2_qsys 12.0]
Progress: Parameterizing module nios2_processor
Progress: Adding onchip_memory2_0 [altera_avalon_onchip_memory2 12.0]
Progress: Parameterizing module onchip_memory2_0
Progress: Adding switches [altera_avalon_pio 12.0]
Progress: Parameterizing module switches
Progress: Adding LEDs [altera_avalon_pio 12.0]
Progress: Parameterizing module LEDs
Progress: Adding jtag_uart_0 [altera_avalon_jtag_uart 12.0]
Progress: Parameterizing module jtag_uart_0
Progress: Adding sdram [altera_avalon_new_sdram_controller 12.0]
Progress: Parameterizing module sdram
Progress: Adding clocks [altera_up_clocks 12.0]
Progress: Parameterizing module clocks
Progress: Adding character_lcd_0 [altera_up_avalon_character_lcd 12.0]
Progress: Parameterizing module character_lcd_0
Progress: Adding pixel_buffer [altera_up_avalon_sram 12.0]
Progress: Parameterizing module pixel_buffer
Progress: Adding pixel_buffer_dma [altera_up_avalon_video_pixel_buffer_dma 12.0]
Progress: Parameterizing module pixel_buffer_dma
Progress: Adding rgb_resampler [altera_up_avalon_video_rgb_resampler 12.0]
Progress: Parameterizing module rgb_resampler
Progress: Adding scaler [altera_up_avalon_video_scaler 12.0]
Progress: Parameterizing module scaler
Progress: Adding video_fifo [altera_up_avalon_video_dual_clock_buffer 12.0]
Progress: Parameterizing module video_fifo
Progress: Adding vga_controller [altera_up_avalon_video_vga_controller 12.0]
Progress: Parameterizing module vga_controller
Progress: Building connections
Progress: Parameterizing connections
Progress: Validating
Progress: Done reading input file
Info: nios_system.onchip_memory2_0: Memory will be initialized from onchip_memory2_0.hex
Info: nios_system.switches: PIO inputs are not hardwired in test bench. Undefined values will be read from PIO inputs during simulation.
Info: nios_system.rgb_resampler: RGB Resampling: 16 (bits) x 1 (planes) -> 10 (bits) x 3 (planes)
Info: nios_system.scaler: Change in Resolution: 320 x 240 -> 640 x 480
Info: nios_system.vga_controller: Video Output Stream: Format: 640 x 480 with Color: 10 (bits) x 3 (planes)
Info: ip-generate succeeded.
Info: Finished: Create block symbol file (.bsf)
Info: 
Info: Starting: Create HDL design files for synthesis
Info: ip-generate --project-directory="C:/Users/colin/Documents/Working Processor/" --output-directory="C:/Users/colin/Documents/Working Processor/nios_system/synthesis/" --file-set=QUARTUS_SYNTH --report-file="sopcinfo:C:/Users/colin/Documents/Working Processor/nios_system.sopcinfo" --report-file="html:C:/Users/colin/Documents/Working Processor/nios_system.html" --report-file="qip:C:/Users/colin/Documents/Working Processor/nios_system/synthesis/nios_system.qip" --system-info=DEVICE_FAMILY="Cyclone II" --system-info=DEVICE=EP2C35F672C6 --system-info=DEVICE_SPEEDGRADE=6 --component-file="C:/Users/colin/Documents/Working Processor/nios_system.qsys"
Progress: Loading Working Processor/nios_system.qsys
Progress: Reading input file
Progress: Adding clk_0 [clock_source 12.0]
Progress: Parameterizing module clk_0
Progress: Adding nios2_processor [altera_nios2_qsys 12.0]
Progress: Parameterizing module nios2_processor
Progress: Adding onchip_memory2_0 [altera_avalon_onchip_memory2 12.0]
Progress: Parameterizing module onchip_memory2_0
Progress: Adding switches [altera_avalon_pio 12.0]
Progress: Parameterizing module switches
Progress: Adding LEDs [altera_avalon_pio 12.0]
Progress: Parameterizing module LEDs
Progress: Adding jtag_uart_0 [altera_avalon_jtag_uart 12.0]
Progress: Parameterizing module jtag_uart_0
Progress: Adding sdram [altera_avalon_new_sdram_controller 12.0]
Progress: Parameterizing module sdram
Progress: Adding clocks [altera_up_clocks 12.0]
Progress: Parameterizing module clocks
Progress: Adding character_lcd_0 [altera_up_avalon_character_lcd 12.0]
Progress: Parameterizing module character_lcd_0
Progress: Adding pixel_buffer [altera_up_avalon_sram 12.0]
Progress: Parameterizing module pixel_buffer
Progress: Adding pixel_buffer_dma [altera_up_avalon_video_pixel_buffer_dma 12.0]
Progress: Parameterizing module pixel_buffer_dma
Progress: Adding rgb_resampler [altera_up_avalon_video_rgb_resampler 12.0]
Progress: Parameterizing module rgb_resampler
Progress: Adding scaler [altera_up_avalon_video_scaler 12.0]
Progress: Parameterizing module scaler
Progress: Adding video_fifo [altera_up_avalon_video_dual_clock_buffer 12.0]
Progress: Parameterizing module video_fifo
Progress: Adding vga_controller [altera_up_avalon_video_vga_controller 12.0]
Progress: Parameterizing module vga_controller
Progress: Building connections
Progress: Parameterizing connections
Progress: Validating
Progress: Done reading input file
Info: nios_system.onchip_memory2_0: Memory will be initialized from onchip_memory2_0.hex
Info: nios_system.switches: PIO inputs are not hardwired in test bench. Undefined values will be read from PIO inputs during simulation.
Info: nios_system.rgb_resampler: RGB Resampling: 16 (bits) x 1 (planes) -> 10 (bits) x 3 (planes)
Info: nios_system.scaler: Change in Resolution: 320 x 240 -> 640 x 480
Info: nios_system.vga_controller: Video Output Stream: Format: 640 x 480 with Color: 10 (bits) x 3 (planes)
Info: nios_system: Generating nios_system "nios_system" for QUARTUS_SYNTH
Info: pipeline_bridge_swap_transform: After transform: 15 modules, 63 connections
Info: No custom instruction connections, skipping transform 
Info: merlin_translator_transform: After transform: 27 modules, 111 connections
Info: merlin_domain_transform: After transform: 49 modules, 260 connections
Info: merlin_router_transform: After transform: 61 modules, 308 connections
Info: merlin_traffic_limiter_transform: After transform: 62 modules, 313 connections
Info: merlin_burst_transform: After transform: 65 modules, 325 connections
Info: reset_adaptation_transform: After transform: 68 modules, 258 connections
Info: merlin_network_to_switch_transform: After transform: 91 modules, 308 connections
Info: merlin_width_transform: After transform: 99 modules, 332 connections
Info: limiter_update_transform: After transform: 99 modules, 333 connections
Info: merlin_interrupt_mapper_transform: After transform: 100 modules, 336 connections
Info: nios2_processor: Starting RTL generation for module 'nios_system_nios2_processor'
Info: nios2_processor:   Generation command is [exec C:/altera/12.0sp2/quartus/../ip/altera/nios2_ip/altera_nios2/eperl.exe -I C:/altera/12.0sp2/quartus/common/ip/altera/common/perl/5.8.3 -I C:/altera/12.0sp2/quartus/sopc_builder/bin/europa -I C:/altera/12.0sp2/quartus/sopc_builder/bin/perl_lib -I C:/altera/12.0sp2/quartus/sopc_builder/bin -I C:/altera/12.0sp2/quartus/../ip/altera/nios2_ip/altera_nios2/cpu_lib -I C:/altera/12.0sp2/quartus/../ip/altera/nios2_ip/altera_nios2/nios_lib -I C:/altera/12.0sp2/quartus/../ip/altera/nios2_ip/altera_nios2 -I C:/altera/12.0sp2/quartus/../ip/altera/nios2_ip/altera_nios2 -- C:/altera/12.0sp2/quartus/../ip/altera/nios2_ip/altera_nios2/generate_rtl.epl --name=nios_system_nios2_processor --dir=C:/Users/colin/AppData/Local/Temp/alt6088_4581473925706923520.dir/0001_nios2_processor_gen/ --quartus_dir=C:/altera/12.0sp2/quartus --verilog --config=C:/Users/colin/AppData/Local/Temp/alt6088_4581473925706923520.dir/0001_nios2_processor_gen//nios_system_nios2_processor_processor_configuration.pl  --do_build_sim=0    --bogus  ]
Info: nios2_processor: # 2014.01.18 14:35:56 (*) Starting Nios II generation
Info: nios2_processor: # 2014.01.18 14:35:56 (*)   Checking for encrypted license (non-evaluation).
Info: nios2_processor: # 2014.01.18 14:35:57 (*)   Couldn't query license setup in Quartus directory C:/altera/12.0sp2/quartus
Info: nios2_processor: # 2014.01.18 14:35:57 (*)   Defaulting to contents of LM_LICENSE_FILE environment variable
Info: nios2_processor: # 2014.01.18 14:35:57 (*)   LM_LICENSE_FILE environment variable is empty
Info: nios2_processor: # 2014.01.18 14:35:57 (*)   Encrypted license not found.  Defaulting to OCP evaluation license (produces a time-limited SOF)
Info: nios2_processor: # 2014.01.18 14:35:57 (*)   Elaborating CPU configuration settings
Info: nios2_processor: # 2014.01.18 14:35:57 (*)   Creating all objects for CPU
Info: nios2_processor: # 2014.01.18 14:35:59 (*)     Pipeline frontend
Info: nios2_processor: # 2014.01.18 14:36:01 (*)   Generating RTL from CPU objects
Info: nios2_processor: # 2014.01.18 14:36:04 (*)   Creating encrypted RTL
Info: nios2_processor: # 2014.01.18 14:36:05 (*) Done Nios II generation
Info: nios2_processor: Done RTL generation for module 'nios_system_nios2_processor'
Info: nios2_processor: "nios_system" instantiated altera_nios2_qsys "nios2_processor"
Info: Starting classic module elaboration.
"c:/altera/12.0sp2/quartus/bin/jre/bin/java.exe" -Xmx512M -classpath "c:/altera/12.0sp2/quartus/sopc_builder/bin/sopc_builder.jar;c:/altera/12.0sp2/quartus/sopc_builder/bin/PinAssigner.jar;c:/altera/12.0sp2/quartus/sopc_builder/bin/sopc_wizard.jar;c:/altera/12.0sp2/quartus/sopc_builder/bin/jptf.jar" sopc_builder.sopc_builder  -d"c:/altera/12.0sp2/quartus/sopc_builder" -notalkback=1 -projectnameyysystem.qpf -projectpathC:/Users/colin/AppData/Local/Temp/alt6088_4581473925706923520.dir/0002_sopclgen  --no_splash --refresh C:/Users/colin/AppData/Local/Temp/alt6088_4581473925706923520.dir/0002_sopclgen/yysystem.v --quartus_dir="c:/altera/12.0sp2/quartus" --sopc_perl="c:/altera/12.0sp2/quartus/bin/perl" --sopc_lib_path="++c:/altera/12.0sp2/quartus/../ip/altera/sopc_builder_ip+c:/altera/12.0sp2/quartus/../ip/altera/nios2_ip"
Info: Finished elaborating classic module.
Executing: C:/altera/12.0sp2/quartus//sopc_builder/bin/sopc_builder --classic --generate C:/Users/colin/AppData/Local/Temp/alt6088_4581473925706923520.dir/0002_sopclgen/yysystem.ptf
Info: Running sopc_builder...
"c:/altera/12.0sp2/quartus/bin/jre/bin/java.exe" -Xmx512M -classpath "c:/altera/12.0sp2/quartus/sopc_builder/bin/sopc_builder.jar;c:/altera/12.0sp2/quartus/sopc_builder/bin/PinAssigner.jar;c:/altera/12.0sp2/quartus/sopc_builder/bin/sopc_wizard.jar;c:/altera/12.0sp2/quartus/sopc_builder/bin/jptf.jar" sopc_builder.sopc_builder  -d"c:/altera/12.0sp2/quartus/sopc_builder" -notalkback=1 -projectnameyysystem.qpf -projectpathC:/Users/colin/AppData/Local/Temp/alt6088_4581473925706923520.dir/0002_sopclgen  --generate C:/Users/colin/AppData/Local/Temp/alt6088_4581473925706923520.dir/0002_sopclgen/yysystem.v --quartus_dir="c:/altera/12.0sp2/quartus" --sopc_perl="c:/altera/12.0sp2/quartus/bin/perl" --sopc_lib_path="++c:/altera/12.0sp2/quartus/../ip/altera/sopc_builder_ip+c:/altera/12.0sp2/quartus/../ip/altera/nios2_ip"
No .sopc_builder configuration file(!)
.
# 2014.01.18 14:36:17 (*) Success: sopc_builder finished.
Info: onchip_memory2_0: "nios_system" instantiated altera_avalon_onchip_memory2 "onchip_memory2_0"
Info: Starting classic module elaboration.
"c:/altera/12.0sp2/quartus/bin/jre/bin/java.exe" -Xmx512M -classpath "c:/altera/12.0sp2/quartus/sopc_builder/bin/sopc_builder.jar;c:/altera/12.0sp2/quartus/sopc_builder/bin/PinAssigner.jar;c:/altera/12.0sp2/quartus/sopc_builder/bin/sopc_wizard.jar;c:/altera/12.0sp2/quartus/sopc_builder/bin/jptf.jar" sopc_builder.sopc_builder  -d"c:/altera/12.0sp2/quartus/sopc_builder" -notalkback=1 -projectnameyysystem.qpf -projectpathC:/Users/colin/AppData/Local/Temp/alt6088_4581473925706923520.dir/0003_sopclgen  --no_splash --refresh C:/Users/colin/AppData/Local/Temp/alt6088_4581473925706923520.dir/0003_sopclgen/yysystem.v --quartus_dir="c:/altera/12.0sp2/quartus" --sopc_perl="c:/altera/12.0sp2/quartus/bin/perl" --sopc_lib_path="++c:/altera/12.0sp2/quartus/../ip/altera/sopc_builder_ip+c:/altera/12.0sp2/quartus/../ip/altera/nios2_ip"
Info: Finished elaborating classic module.
Executing: C:/altera/12.0sp2/quartus//sopc_builder/bin/sopc_builder --classic --generate C:/Users/colin/AppData/Local/Temp/alt6088_4581473925706923520.dir/0003_sopclgen/yysystem.ptf
Info: Running sopc_builder...
"c:/altera/12.0sp2/quartus/bin/jre/bin/java.exe" -Xmx512M -classpath "c:/altera/12.0sp2/quartus/sopc_builder/bin/sopc_builder.jar;c:/altera/12.0sp2/quartus/sopc_builder/bin/PinAssigner.jar;c:/altera/12.0sp2/quartus/sopc_builder/bin/sopc_wizard.jar;c:/altera/12.0sp2/quartus/sopc_builder/bin/jptf.jar" sopc_builder.sopc_builder  -d"c:/altera/12.0sp2/quartus/sopc_builder" -notalkback=1 -projectnameyysystem.qpf -projectpathC:/Users/colin/AppData/Local/Temp/alt6088_4581473925706923520.dir/0003_sopclgen  --generate C:/Users/colin/AppData/Local/Temp/alt6088_4581473925706923520.dir/0003_sopclgen/yysystem.v --quartus_dir="c:/altera/12.0sp2/quartus" --sopc_perl="c:/altera/12.0sp2/quartus/bin/perl" --sopc_lib_path="++c:/altera/12.0sp2/quartus/../ip/altera/sopc_builder_ip+c:/altera/12.0sp2/quartus/../ip/altera/nios2_ip"
No .sopc_builder configuration file(!)
.
# 2014.01.18 14:36:28 (*) Success: sopc_builder finished.
Info: switches: "nios_system" instantiated altera_avalon_pio "switches"
Info: Starting classic module elaboration.
"c:/altera/12.0sp2/quartus/bin/jre/bin/java.exe" -Xmx512M -classpath "c:/altera/12.0sp2/quartus/sopc_builder/bin/sopc_builder.jar;c:/altera/12.0sp2/quartus/sopc_builder/bin/PinAssigner.jar;c:/altera/12.0sp2/quartus/sopc_builder/bin/sopc_wizard.jar;c:/altera/12.0sp2/quartus/sopc_builder/bin/jptf.jar" sopc_builder.sopc_builder  -d"c:/altera/12.0sp2/quartus/sopc_builder" -notalkback=1 -projectnameyysystem.qpf -projectpathC:/Users/colin/AppData/Local/Temp/alt6088_4581473925706923520.dir/0004_sopclgen  --no_splash --refresh C:/Users/colin/AppData/Local/Temp/alt6088_4581473925706923520.dir/0004_sopclgen/yysystem.v --quartus_dir="c:/altera/12.0sp2/quartus" --sopc_perl="c:/altera/12.0sp2/quartus/bin/perl" --sopc_lib_path="++c:/altera/12.0sp2/quartus/../ip/altera/sopc_builder_ip+c:/altera/12.0sp2/quartus/../ip/altera/nios2_ip"
Info: Finished elaborating classic module.
Executing: C:/altera/12.0sp2/quartus//sopc_builder/bin/sopc_builder --classic --generate C:/Users/colin/AppData/Local/Temp/alt6088_4581473925706923520.dir/0004_sopclgen/yysystem.ptf
Info: Running sopc_builder...
"c:/altera/12.0sp2/quartus/bin/jre/bin/java.exe" -Xmx512M -classpath "c:/altera/12.0sp2/quartus/sopc_builder/bin/sopc_builder.jar;c:/altera/12.0sp2/quartus/sopc_builder/bin/PinAssigner.jar;c:/altera/12.0sp2/quartus/sopc_builder/bin/sopc_wizard.jar;c:/altera/12.0sp2/quartus/sopc_builder/bin/jptf.jar" sopc_builder.sopc_builder  -d"c:/altera/12.0sp2/quartus/sopc_builder" -notalkback=1 -projectnameyysystem.qpf -projectpathC:/Users/colin/AppData/Local/Temp/alt6088_4581473925706923520.dir/0004_sopclgen  --generate C:/Users/colin/AppData/Local/Temp/alt6088_4581473925706923520.dir/0004_sopclgen/yysystem.v --quartus_dir="c:/altera/12.0sp2/quartus" --sopc_perl="c:/altera/12.0sp2/quartus/bin/perl" --sopc_lib_path="++c:/altera/12.0sp2/quartus/../ip/altera/sopc_builder_ip+c:/altera/12.0sp2/quartus/../ip/altera/nios2_ip"
No .sopc_builder configuration file(!)
.
# 2014.01.18 14:36:39 (*) Success: sopc_builder finished.
Info: LEDs: "nios_system" instantiated altera_avalon_pio "LEDs"
Info: Starting classic module elaboration.
"c:/altera/12.0sp2/quartus/bin/jre/bin/java.exe" -Xmx512M -classpath "c:/altera/12.0sp2/quartus/sopc_builder/bin/sopc_builder.jar;c:/altera/12.0sp2/quartus/sopc_builder/bin/PinAssigner.jar;c:/altera/12.0sp2/quartus/sopc_builder/bin/sopc_wizard.jar;c:/altera/12.0sp2/quartus/sopc_builder/bin/jptf.jar" sopc_builder.sopc_builder  -d"c:/altera/12.0sp2/quartus/sopc_builder" -notalkback=1 -projectnameyysystem.qpf -projectpathC:/Users/colin/AppData/Local/Temp/alt6088_4581473925706923520.dir/0005_sopclgen  --no_splash --refresh C:/Users/colin/AppData/Local/Temp/alt6088_4581473925706923520.dir/0005_sopclgen/yysystem.v --quartus_dir="c:/altera/12.0sp2/quartus" --sopc_perl="c:/altera/12.0sp2/quartus/bin/perl" --sopc_lib_path="++c:/altera/12.0sp2/quartus/../ip/altera/sopc_builder_ip+c:/altera/12.0sp2/quartus/../ip/altera/nios2_ip"
Info: Finished elaborating classic module.
Executing: C:/altera/12.0sp2/quartus//sopc_builder/bin/sopc_builder --classic --generate C:/Users/colin/AppData/Local/Temp/alt6088_4581473925706923520.dir/0005_sopclgen/yysystem.ptf
Info: Running sopc_builder...
"c:/altera/12.0sp2/quartus/bin/jre/bin/java.exe" -Xmx512M -classpath "c:/altera/12.0sp2/quartus/sopc_builder/bin/sopc_builder.jar;c:/altera/12.0sp2/quartus/sopc_builder/bin/PinAssigner.jar;c:/altera/12.0sp2/quartus/sopc_builder/bin/sopc_wizard.jar;c:/altera/12.0sp2/quartus/sopc_builder/bin/jptf.jar" sopc_builder.sopc_builder  -d"c:/altera/12.0sp2/quartus/sopc_builder" -notalkback=1 -projectnameyysystem.qpf -projectpathC:/Users/colin/AppData/Local/Temp/alt6088_4581473925706923520.dir/0005_sopclgen  --generate C:/Users/colin/AppData/Local/Temp/alt6088_4581473925706923520.dir/0005_sopclgen/yysystem.v --quartus_dir="c:/altera/12.0sp2/quartus" --sopc_perl="c:/altera/12.0sp2/quartus/bin/perl" --sopc_lib_path="++c:/altera/12.0sp2/quartus/../ip/altera/sopc_builder_ip+c:/altera/12.0sp2/quartus/../ip/altera/nios2_ip"
No .sopc_builder configuration file(!)
.
# 2014.01.18 14:36:51 (*) Success: sopc_builder finished.
Info: jtag_uart_0: "nios_system" instantiated altera_avalon_jtag_uart "jtag_uart_0"
Info: Starting classic module elaboration.
"c:/altera/12.0sp2/quartus/bin/jre/bin/java.exe" -Xmx512M -classpath "c:/altera/12.0sp2/quartus/sopc_builder/bin/sopc_builder.jar;c:/altera/12.0sp2/quartus/sopc_builder/bin/PinAssigner.jar;c:/altera/12.0sp2/quartus/sopc_builder/bin/sopc_wizard.jar;c:/altera/12.0sp2/quartus/sopc_builder/bin/jptf.jar" sopc_builder.sopc_builder  -d"c:/altera/12.0sp2/quartus/sopc_builder" -notalkback=1 -projectnameyysystem.qpf -projectpathC:/Users/colin/AppData/Local/Temp/alt6088_4581473925706923520.dir/0006_sopclgen  --no_splash --refresh C:/Users/colin/AppData/Local/Temp/alt6088_4581473925706923520.dir/0006_sopclgen/yysystem.v --quartus_dir="c:/altera/12.0sp2/quartus" --sopc_perl="c:/altera/12.0sp2/quartus/bin/perl" --sopc_lib_path="++c:/altera/12.0sp2/quartus/../ip/altera/sopc_builder_ip+c:/altera/12.0sp2/quartus/../ip/altera/nios2_ip"
Info: Finished elaborating classic module.
Executing: C:/altera/12.0sp2/quartus//sopc_builder/bin/sopc_builder --classic --generate C:/Users/colin/AppData/Local/Temp/alt6088_4581473925706923520.dir/0006_sopclgen/yysystem.ptf
Info: Running sopc_builder...
"c:/altera/12.0sp2/quartus/bin/jre/bin/java.exe" -Xmx512M -classpath "c:/altera/12.0sp2/quartus/sopc_builder/bin/sopc_builder.jar;c:/altera/12.0sp2/quartus/sopc_builder/bin/PinAssigner.jar;c:/altera/12.0sp2/quartus/sopc_builder/bin/sopc_wizard.jar;c:/altera/12.0sp2/quartus/sopc_builder/bin/jptf.jar" sopc_builder.sopc_builder  -d"c:/altera/12.0sp2/quartus/sopc_builder" -notalkback=1 -projectnameyysystem.qpf -projectpathC:/Users/colin/AppData/Local/Temp/alt6088_4581473925706923520.dir/0006_sopclgen  --generate C:/Users/colin/AppData/Local/Temp/alt6088_4581473925706923520.dir/0006_sopclgen/yysystem.v --quartus_dir="c:/altera/12.0sp2/quartus" --sopc_perl="c:/altera/12.0sp2/quartus/bin/perl" --sopc_lib_path="++c:/altera/12.0sp2/quartus/../ip/altera/sopc_builder_ip+c:/altera/12.0sp2/quartus/../ip/altera/nios2_ip"
No .sopc_builder configuration file(!)
.
.
# 2014.01.18 14:37:02 (*) Running Test Generator Program for nios_system_sdram
# 2014.01.18 14:37:04 (*) Success: sopc_builder finished.
Info: sdram: "nios_system" instantiated altera_avalon_new_sdram_controller "sdram"
Info: clocks: Starting Generation of Required Clocks for DE-Series Boards
Info: clocks: "nios_system" instantiated altera_up_clocks "clocks"
Info: character_lcd_0: Starting Generation of Character LCD
Info: character_lcd_0: "nios_system" instantiated altera_up_avalon_character_lcd "character_lcd_0"
Info: pixel_buffer: Starting Generation of SRAM or SSRAM Controller
Info: pixel_buffer: "nios_system" instantiated altera_up_avalon_sram "pixel_buffer"
Info: pixel_buffer_dma: Starting Generation of VGA Pixel Buffer
Info: pixel_buffer_dma: "nios_system" instantiated altera_up_avalon_video_pixel_buffer_dma "pixel_buffer_dma"
Info: rgb_resampler: Starting Generation of Video RGB Resampler
Info: rgb_resampler: "nios_system" instantiated altera_up_avalon_video_rgb_resampler "rgb_resampler"
Info: scaler: Starting Generation of Video Scaler
Info: scaler: "nios_system" instantiated altera_up_avalon_video_scaler "scaler"
Info: video_fifo: Starting Generation of the Dual Clock Buffer
Info: video_fifo: "nios_system" instantiated altera_up_avalon_video_dual_clock_buffer "video_fifo"
Info: vga_controller: Starting Generation of VGA Controller
Info: vga_controller: "nios_system" instantiated altera_up_avalon_video_vga_controller "vga_controller"
Info: nios2_processor_instruction_master_translator: "nios_system" instantiated altera_merlin_master_translator "nios2_processor_instruction_master_translator"
Info: nios2_processor_jtag_debug_module_translator: "nios_system" instantiated altera_merlin_slave_translator "nios2_processor_jtag_debug_module_translator"
Info: nios2_processor_instruction_master_translator_avalon_universal_master_0_agent: "nios_system" instantiated altera_merlin_master_agent "nios2_processor_instruction_master_translator_avalon_universal_master_0_agent"
Info: nios2_processor_jtag_debug_module_translator_avalon_universal_slave_0_agent: "nios_system" instantiated altera_merlin_slave_agent "nios2_processor_jtag_debug_module_translator_avalon_universal_slave_0_agent"
Info: nios2_processor_jtag_debug_module_translator_avalon_universal_slave_0_agent_rsp_fifo: "nios_system" instantiated altera_avalon_sc_fifo "nios2_processor_jtag_debug_module_translator_avalon_universal_slave_0_agent_rsp_fifo"
Info: addr_router: "nios_system" instantiated altera_merlin_router "addr_router"
Info: addr_router_001: "nios_system" instantiated altera_merlin_router "addr_router_001"
Info: addr_router_002: "nios_system" instantiated altera_merlin_router "addr_router_002"
Info: id_router: "nios_system" instantiated altera_merlin_router "id_router"
Info: id_router_002: "nios_system" instantiated altera_merlin_router "id_router_002"
Info: id_router_003: "nios_system" instantiated altera_merlin_router "id_router_003"
Info: id_router_006: "nios_system" instantiated altera_merlin_router "id_router_006"
Info: id_router_007: "nios_system" instantiated altera_merlin_router "id_router_007"
Info: limiter: "nios_system" instantiated altera_merlin_traffic_limiter "limiter"
Info: burst_adapter: "nios_system" instantiated altera_merlin_burst_adapter "burst_adapter"
Info: rst_controller: "nios_system" instantiated altera_reset_controller "rst_controller"
Info: cmd_xbar_demux: "nios_system" instantiated altera_merlin_demultiplexer "cmd_xbar_demux"
Info: cmd_xbar_demux_001: "nios_system" instantiated altera_merlin_demultiplexer "cmd_xbar_demux_001"
Info: cmd_xbar_demux_002: "nios_system" instantiated altera_merlin_demultiplexer "cmd_xbar_demux_002"
Info: cmd_xbar_mux: "nios_system" instantiated altera_merlin_multiplexer "cmd_xbar_mux"
Info: cmd_xbar_mux_002: "nios_system" instantiated altera_merlin_multiplexer "cmd_xbar_mux_002"
Info: Reusing file C:/Users/colin/Documents/Working Processor/nios_system/synthesis/submodules/altera_merlin_arbitrator.sv
Info: rsp_xbar_demux: "nios_system" instantiated altera_merlin_demultiplexer "rsp_xbar_demux"
Info: rsp_xbar_demux_002: "nios_system" instantiated altera_merlin_demultiplexer "rsp_xbar_demux_002"
Info: rsp_xbar_demux_003: "nios_system" instantiated altera_merlin_demultiplexer "rsp_xbar_demux_003"
Info: rsp_xbar_demux_006: "nios_system" instantiated altera_merlin_demultiplexer "rsp_xbar_demux_006"
Info: rsp_xbar_mux: "nios_system" instantiated altera_merlin_multiplexer "rsp_xbar_mux"
Info: Reusing file C:/Users/colin/Documents/Working Processor/nios_system/synthesis/submodules/altera_merlin_arbitrator.sv
Info: rsp_xbar_mux_001: "nios_system" instantiated altera_merlin_multiplexer "rsp_xbar_mux_001"
Info: Reusing file C:/Users/colin/Documents/Working Processor/nios_system/synthesis/submodules/altera_merlin_arbitrator.sv
Info: width_adapter: "nios_system" instantiated altera_merlin_width_adapter "width_adapter"
Info: Reusing file C:/Users/colin/Documents/Working Processor/nios_system/synthesis/submodules/altera_merlin_burst_uncompressor.sv
Info: irq_mapper: "nios_system" instantiated altera_irq_mapper "irq_mapper"
Info: nios_system: Done nios_system" with 44 modules, 141 files, 2808526 bytes
Info: ip-generate succeeded.
Info: Finished: Create HDL design files for synthesis
